{"/home/codemaker/Документы/projects/hexlet-jest/src/index.js": {"path":"/home/codemaker/Документы/projects/hexlet-jest/src/index.js","statementMap":{"0":{"start":{"line":1,"column":24},"end":{"line":1,"column":56}}},"fnMap":{"0":{"name":"(anonymous_0)","decl":{"start":{"line":1,"column":15},"end":{"line":1,"column":16}},"loc":{"start":{"line":1,"column":24},"end":{"line":1,"column":56}},"line":1}},"branchMap":{},"s":{"0":2},"f":{"0":2},"b":{},"_coverageSchema":"1a1c01bbd47fc00a2c39e90264f33305004495a9","hash":"c1106b1bfbc34911efd4f189d2af2eb3427e575b"}
}
